20250521 18:53:25 - root - INFO: - Saving results to output_detection/DELIVER_CMNeXt-B2_idel
20250521 18:53:26 - root - INFO: - Attempting to load pretrained weights for backbone from: checkpoints/pretrained/segformer/mit_b2.pth
20250521 18:53:26 - root - ERROR: - Training failed with error: Torch not compiled with CUDA enabled
20250521 18:53:26 - root - ERROR: - Traceback (most recent call last):
  File "/SSDd/jemo_maeng/src/Project/Drone/detection/drone-DELIVER/tools/train_detection_mm.py", line 316, in <module>
    main(cfg, gpu, save_dir)
  File "/SSDd/jemo_maeng/src/Project/Drone/detection/drone-DELIVER/tools/train_detection_mm.py", line 98, in main
    model = model.to(device)
  File "/home/jemo_maeng/anaconda3/envs/cmnext/lib/python3.9/site-packages/torch/nn/modules/module.py", line 987, in to
    return self._apply(convert)
  File "/home/jemo_maeng/anaconda3/envs/cmnext/lib/python3.9/site-packages/torch/nn/modules/module.py", line 639, in _apply
    module._apply(fn)
  File "/home/jemo_maeng/anaconda3/envs/cmnext/lib/python3.9/site-packages/torch/nn/modules/module.py", line 639, in _apply
    module._apply(fn)
  File "/home/jemo_maeng/anaconda3/envs/cmnext/lib/python3.9/site-packages/torch/nn/modules/module.py", line 639, in _apply
    module._apply(fn)
  [Previous line repeated 1 more time]
  File "/home/jemo_maeng/anaconda3/envs/cmnext/lib/python3.9/site-packages/torch/nn/modules/module.py", line 662, in _apply
    param_applied = fn(param)
  File "/home/jemo_maeng/anaconda3/envs/cmnext/lib/python3.9/site-packages/torch/nn/modules/module.py", line 985, in convert
    return t.to(device, dtype if t.is_floating_point() or t.is_complex() else None, non_blocking)
  File "/home/jemo_maeng/anaconda3/envs/cmnext/lib/python3.9/site-packages/torch/cuda/__init__.py", line 221, in _lazy_init
    raise AssertionError("Torch not compiled with CUDA enabled")
AssertionError: Torch not compiled with CUDA enabled

